{"timestamp":"2025-08-02 08:56:42","user_id":"2","action":"user_registered","details":"New user account created","ip_address":"::1"}
{"timestamp":"2025-08-02 08:57:57","user_id":"3","action":"user_registered","details":"New user account created","ip_address":"::1"}
{"timestamp":"2025-08-03 07:31:57","user_id":"4","action":"user_registered","details":"New user account created","ip_address":"::1"}
{"timestamp":"2025-08-03 18:10:13","user_id":"6","action":"user_registered","details":"New user account created","ip_address":"::1"}
{"timestamp":"2025-08-03 18:12:37","user_id":6,"action":"user_login","details":"User logged in","ip_address":"::1"}
{"timestamp":"2025-08-03 18:15:13","user_id":"7","action":"user_registered","details":"New user account created","ip_address":"::1"}
{"timestamp":"2025-08-03 18:15:28","user_id":7,"action":"user_login","details":"User logged in","ip_address":"::1"}
{"timestamp":"2025-08-03 18:16:37","user_id":6,"action":"user_login","details":"User logged in","ip_address":"::1"}
{"timestamp":"2025-08-04 16:10:06","user_id":4,"action":"user_login","details":"User logged in","ip_address":"::1"}
{"timestamp":"2025-08-04 17:50:20","user_id":4,"action":"user_logout","details":"User logged out","ip_address":"::1"}
{"timestamp":"2025-08-04 18:32:32","user_id":4,"action":"user_login","details":"User logged in","ip_address":"::1"}
{"timestamp":"2025-08-04 19:28:55","user_id":4,"action":"user_logout","details":"User logged out","ip_address":"::1"}
{"timestamp":"2025-08-04 19:29:31","user_id":4,"action":"user_login","details":"User logged in","ip_address":"::1"}
{"timestamp":"2025-08-05 10:34:43","user_id":4,"action":"user_login","details":"User logged in","ip_address":"::1"}
{"timestamp":"2025-08-08 04:07:15","user_id":4,"action":"user_login","details":"User logged in","ip_address":"::1"}
{"timestamp":"2025-08-08 08:00:26","user_id":4,"action":"user_login","details":"User logged in","ip_address":"::1"}
{"timestamp":"2025-08-08 15:29:55","user_id":4,"action":"user_login","details":"User logged in","ip_address":"::1"}
{"timestamp":"2025-08-08 18:50:09","user_id":4,"action":"user_logout","details":"User logged out","ip_address":"::1"}
{"timestamp":"2025-08-09 17:32:48","user_id":4,"action":"user_login","details":"User logged in","ip_address":"::1"}
{"timestamp":"2025-08-09 18:05:13","user_id":4,"action":"skill_created","details":"New skill created: dfghjkl;&#039;","ip_address":"::1"}
{"timestamp":"2025-08-09 18:14:09","user_id":4,"action":"skill_created","details":"New skill created: wedtvbnom,kmn","ip_address":"::1"}
{"timestamp":"2025-08-09 18:18:55","user_id":4,"action":"user_logout","details":"User logged out","ip_address":"::1"}
{"timestamp":"2025-08-09 18:19:10","user_id":4,"action":"user_login","details":"User logged in","ip_address":"::1"}
{"timestamp":"2025-08-09 18:22:34","user_id":4,"action":"user_logout","details":"User logged out","ip_address":"::1"}
{"timestamp":"2025-08-09 18:22:40","user_id":4,"action":"user_login","details":"User logged in","ip_address":"::1"}
{"timestamp":"2025-08-18 04:28:49","user_id":2,"action":"user_login","details":"User logged in","ip_address":"::1"}
{"timestamp":"2025-08-18 04:38:02","user_id":2,"action":"skill_created","details":"New skill created: python","ip_address":"::1"}
{"timestamp":"2025-08-18 10:16:12","user_id":2,"action":"user_login","details":"User logged in","ip_address":"::1"}
{"timestamp":"2025-08-19 09:30:32","user_id":"2","action":"user_registered","details":"New user account created","ip_address":"::1"}
{"timestamp":"2025-08-19 09:30:37","user_id":2,"action":"user_login","details":"User logged in","ip_address":"::1"}
{"timestamp":"2025-08-19 10:12:37","user_id":2,"action":"user_login","details":"User logged in","ip_address":"::1"}
{"timestamp":"2025-08-19 10:12:57","user_id":2,"action":"skill_created","details":"New skill created: aisjijqfjiqjif","ip_address":"::1"}
{"timestamp":"2025-08-20 14:17:23","user_id":2,"action":"user_login","details":"User logged in","ip_address":"::1"}
{"timestamp":"2025-08-21 13:20:07","user_id":2,"action":"user_login","details":"User logged in","ip_address":"::1"}
{"timestamp":"2025-08-22 04:15:41","user_id":2,"action":"user_login","details":"User logged in","ip_address":"::1"}
